
2024-12-08 10:41:31,813 - telegram.ext.Application - INFO - Application started
2024-12-08 10:41:40,773 - root - INFO - Таблица main_data_user создана или уже существует.
2024-12-08 10:41:40,773 - root - INFO - Пользователь qSumomo добавлен в базу данных или уже существует.
2024-12-08 10:41:40,842 - root - INFO - Количество сообщений и опыт для пользователя qSumomo обновлены.
2024-12-08 10:41:40,844 - root - INFO - Звание пользователя 899147482 в чате -1001747892989 обновлено на ЧЕХОТКА.
2024-12-08 10:41:40,844 - root - INFO - Звание пользователя 899147482 в чате -1001747892989 обновлено на ЧЕХОТКА.
2024-12-08 10:44:18,666 - root - INFO - Таблица main_data_user создана или уже существует.
2024-12-08 10:44:18,741 - root - INFO - Пользователь tolyanrb78 добавлен в базу данных или уже существует.
2024-12-08 10:44:18,806 - root - INFO - Количество сообщений и опыт для пользователя tolyanrb78 обновлены.
2024-12-08 10:44:18,809 - root - INFO - Звание пользователя 7488480076 в чате -1001115035406 обновлено на Новичок.
2024-12-08 10:44:18,809 - root - INFO - Звание пользователя 7488480076 в чате -1001115035406 обновлено на Новичок.
2024-12-08 10:44:53,942 - root - INFO - Таблица main_data_user создана или уже существует.
2024-12-08 10:44:53,943 - root - INFO - Пользователь tolyanrb78 добавлен в базу данных или уже существует.
2024-12-08 10:44:54,043 - root - INFO - Количество сообщений и опыт для пользователя tolyanrb78 обновлены.
2024-12-08 10:44:54,043 - root - INFO - Звание пользователя 7488480076 в чате -1001115035406 обновлено на Новичок.
2024-12-08 10:44:54,043 - root - INFO - Звание пользователя 7488480076 в чате -1001115035406 обновлено на Новичок.
2024-12-08 10:45:41,701 - root - INFO - Таблица main_data_user создана или уже существует.
2024-12-08 10:45:41,807 - root - INFO - Пользователь therealproffessor добавлен в базу данных или уже существует.
2024-12-08 10:45:41,865 - root - INFO - Количество сообщений и опыт для пользователя therealproffessor обновлены.
2024-12-08 10:45:41,876 - root - INFO - Звание пользователя 113620838 в чате -1001115035406 обновлено на Новичок.
2024-12-08 10:45:41,877 - root - INFO - Звание пользователя 113620838 в чате -1001115035406 обновлено на Новичок.
2024-12-08 10:45:53,775 - root - INFO - Таблица main_data_user создана или уже существует.
2024-12-08 10:45:53,790 - root - INFO - Пользователь tolyanrb78 добавлен в базу данных или уже существует.
2024-12-08 10:45:53,886 - root - INFO - Количество сообщений и опыт для пользователя tolyanrb78 обновлены.
2024-12-08 10:45:53,886 - root - INFO - Звание пользователя 7488480076 в чате -1001115035406 обновлено на Новичок.
2024-12-08 10:45:53,886 - root - INFO - Звание пользователя 7488480076 в чате -1001115035406 обновлено на Новичок.
2024-12-08 10:46:09,126 - root - INFO - Таблица main_data_user создана или уже существует.
2024-12-08 10:46:09,127 - root - INFO - Пользователь therealproffessor добавлен в базу данных или уже существует.
2024-12-08 10:46:09,183 - root - INFO - Количество сообщений и опыт для пользователя therealproffessor обновлены.
2024-12-08 10:46:09,183 - root - INFO - Звание пользователя 113620838 в чате -1001115035406 обновлено на Новичок.
2024-12-08 10:46:09,189 - root - INFO - Звание пользователя 113620838 в чате -1001115035406 обновлено на Новичок.
2024-12-08 10:47:24,837 - root - INFO - Таблица main_data_user создана или уже существует.
2024-12-08 10:47:24,838 - root - INFO - Пользователь therealproffessor добавлен в базу данных или уже существует.
2024-12-08 10:47:24,938 - root - INFO - Количество сообщений и опыт для пользователя therealproffessor обновлены.
2024-12-08 10:47:24,940 - root - INFO - Звание пользователя 113620838 в чате -1001115035406 обновлено на Новичок.
2024-12-08 10:47:24,940 - root - INFO - Звание пользователя 113620838 в чате -1001115035406 обновлено на Новичок.
2024-12-08 10:47:31,484 - root - INFO - Таблица main_data_user создана или уже существует.
2024-12-08 10:47:31,574 - root - INFO - Пользователь okylar добавлен в базу данных или уже существует.
2024-12-08 10:47:31,635 - root - INFO - Количество сообщений и опыт для пользователя okylar обновлены.
2024-12-08 10:47:31,640 - root - INFO - Звание пользователя 980029685 в чате -1001115035406 обновлено на Новичок.
2024-12-08 10:47:31,642 - root - INFO - Звание пользователя 980029685 в чате -1001115035406 обновлено на Новичок.
2024-12-08 10:47:36,475 - root - INFO - Таблица main_data_user создана или уже существует.
2024-12-08 10:47:36,475 - root - INFO - Пользователь therealproffessor добавлен в базу данных или уже существует.
2024-12-08 10:47:36,560 - root - INFO - Количество сообщений и опыт для пользователя therealproffessor обновлены.
2024-12-08 10:47:36,561 - root - INFO - Звание пользователя 113620838 в чате -1001115035406 обновлено на Новичок.
2024-12-08 10:47:36,561 - root - INFO - Звание пользователя 113620838 в чате -1001115035406 обновлено на Новичок.
2024-12-08 10:49:11,083 - telegram.ext.Application - INFO - Application started
2024-12-08 10:49:11,220 - root - INFO - Пользователь tolyanrb78 добавлен в базу данных или уже существует.
2024-12-08 10:49:11,290 - root - INFO - Количество сообщений и опыт для пользователя tolyanrb78 обновлены.
2024-12-08 10:49:11,292 - root - INFO - Звание пользователя 7488480076 в чате -1001115035406 обновлено на Новичок.
2024-12-08 10:49:11,292 - root - INFO - Звание пользователя 7488480076 в чате -1001115035406 обновлено на Новичок.
2024-12-08 10:51:59,860 - root - INFO - Пользователь therealproffessor добавлен в базу данных или уже существует.
2024-12-08 10:51:59,937 - root - INFO - Количество сообщений и опыт для пользователя therealproffessor обновлены.
2024-12-08 10:51:59,937 - root - INFO - Звание пользователя 113620838 в чате -1001115035406 обновлено на Новичок.
2024-12-08 10:51:59,937 - root - INFO - Звание пользователя 113620838 в чате -1001115035406 обновлено на Новичок.
2024-12-08 10:52:03,733 - root - INFO - Пользователь therealproffessor добавлен в базу данных или уже существует.
2024-12-08 10:52:03,789 - root - INFO - Количество сообщений и опыт для пользователя therealproffessor обновлены.
2024-12-08 10:52:03,789 - root - INFO - Звание пользователя 113620838 в чате -1001115035406 обновлено на Новичок.
2024-12-08 10:52:03,789 - root - INFO - Звание пользователя 113620838 в чате -1001115035406 обновлено на Новичок.
2024-12-08 10:53:59,708 - telegram.ext.Application - INFO - Application started
2024-12-08 10:54:04,713 - root - INFO - Пользователь qSumomo добавлен в базу данных или уже существует.
2024-12-08 10:54:04,777 - root - INFO - Количество сообщений и опыт для пользователя qSumomo обновлены.
2024-12-08 10:54:44,576 - root - INFO - Пользователь qSumomo добавлен в базу данных или уже существует.
2024-12-08 10:54:44,634 - root - INFO - Количество сообщений и опыт для пользователя qSumomo обновлены.
2024-12-08 10:54:49,045 - root - INFO - Пользователь qSumomo добавлен в базу данных или уже существует.
2024-12-08 10:54:49,096 - root - INFO - Количество сообщений и опыт для пользователя qSumomo обновлены.
2024-12-08 10:56:13,109 - root - INFO - Пользователь None добавлен в базу данных или уже существует.
2024-12-08 10:56:13,166 - root - INFO - Количество сообщений и опыт для пользователя None обновлены.
2024-12-08 10:57:13,153 - root - INFO - Пользователь None добавлен в базу данных или уже существует.
2024-12-08 10:57:13,216 - root - INFO - Количество сообщений и опыт для пользователя None обновлены.
2024-12-08 10:57:39,640 - root - INFO - Пользователь None добавлен в базу данных или уже существует.
2024-12-08 10:57:39,705 - root - INFO - Количество сообщений и опыт для пользователя None обновлены.
2024-12-08 10:57:42,592 - root - INFO - Пользователь None добавлен в базу данных или уже существует.
2024-12-08 10:57:42,654 - root - INFO - Количество сообщений и опыт для пользователя None обновлены.
2024-12-08 10:58:49,479 - telegram.ext.Application - INFO - Application started
2024-12-08 10:58:58,271 - root - INFO - Пользователь qSumomo добавлен в базу данных или уже существует.
2024-12-08 10:58:58,347 - root - INFO - Количество сообщений и опыт для пользователя qSumomo обновлены.
2024-12-08 11:00:04,619 - root - INFO - Пользователь qSumomo добавлен в базу данных или уже существует.
2024-12-08 11:00:04,747 - root - INFO - Количество сообщений и опыт для пользователя qSumomo обновлены.
2024-12-08 11:00:19,757 - root - INFO - Пользователь qSumomo добавлен в базу данных или уже существует.
2024-12-08 11:00:19,829 - root - INFO - Количество сообщений и опыт для пользователя qSumomo обновлены.
2024-12-08 11:00:33,266 - root - INFO - Пользователь qSumomo добавлен в базу данных или уже существует.
2024-12-08 11:00:33,335 - root - INFO - Количество сообщений и опыт для пользователя qSumomo обновлены.
2024-12-08 11:00:46,616 - root - INFO - Пользователь qSumomo добавлен в базу данных или уже существует.
2024-12-08 11:00:46,665 - root - INFO - Количество сообщений и опыт для пользователя qSumomo обновлены.
2024-12-08 11:00:49,161 - root - INFO - Пользователь tolyanrb78 добавлен в базу данных или уже существует.
2024-12-08 11:00:49,248 - root - INFO - Количество сообщений и опыт для пользователя tolyanrb78 обновлены.
2024-12-08 11:01:11,023 - root - INFO - Пользователь qSumomo добавлен в базу данных или уже существует.
2024-12-08 11:01:11,100 - root - INFO - Количество сообщений и опыт для пользователя qSumomo обновлены.
2024-12-08 11:01:17,024 - root - INFO - Пользователь qSumomo добавлен в базу данных или уже существует.
2024-12-08 11:01:17,100 - root - INFO - Количество сообщений и опыт для пользователя qSumomo обновлены.
2024-12-08 11:01:21,151 - root - INFO - Пользователь qSumomo добавлен в базу данных или уже существует.
2024-12-08 11:01:21,228 - root - INFO - Количество сообщений и опыт для пользователя qSumomo обновлены.
2024-12-08 11:01:22,321 - root - INFO - Пользователь tolyanrb78 добавлен в базу данных или уже существует.
2024-12-08 11:01:22,387 - root - INFO - Количество сообщений и опыт для пользователя tolyanrb78 обновлены.
2024-12-08 11:01:41,740 - root - INFO - Пользователь qSumomo добавлен в базу данных или уже существует.
2024-12-08 11:01:41,812 - root - INFO - Количество сообщений и опыт для пользователя qSumomo обновлены.
2024-12-08 11:03:04,378 - root - INFO - Пользователь NaumYurievich добавлен в базу данных или уже существует.
2024-12-08 11:03:04,451 - root - INFO - Количество сообщений и опыт для пользователя NaumYurievich обновлены.
2024-12-08 11:03:34,810 - root - INFO - Пользователь therealproffessor добавлен в базу данных или уже существует.
2024-12-08 11:03:34,873 - root - INFO - Количество сообщений и опыт для пользователя therealproffessor обновлены.
2024-12-08 11:03:55,402 - root - INFO - Пользователь therealproffessor добавлен в базу данных или уже существует.
2024-12-08 11:03:55,456 - root - INFO - Количество сообщений и опыт для пользователя therealproffessor обновлены.
2024-12-08 11:04:26,914 - root - INFO - Пользователь tolyanrb78 добавлен в базу данных или уже существует.
2024-12-08 11:04:26,985 - root - INFO - Количество сообщений и опыт для пользователя tolyanrb78 обновлены.
2024-12-08 11:04:42,518 - root - INFO - Пользователь qSumomo добавлен в базу данных или уже существует.
2024-12-08 11:04:42,615 - root - INFO - Количество сообщений и опыт для пользователя qSumomo обновлены.
2024-12-08 11:04:49,552 - root - INFO - Пользователь irwt_kok добавлен в базу данных или уже существует.
2024-12-08 11:04:49,618 - root - INFO - Количество сообщений и опыт для пользователя irwt_kok обновлены.
2024-12-08 11:04:51,786 - root - INFO - Пользователь qSumomo добавлен в базу данных или уже существует.
2024-12-08 11:04:51,852 - root - INFO - Количество сообщений и опыт для пользователя qSumomo обновлены.
2024-12-08 11:05:01,751 - root - INFO - Пользователь qSumomo добавлен в базу данных или уже существует.
2024-12-08 11:05:01,831 - root - INFO - Количество сообщений и опыт для пользователя qSumomo обновлены.
2024-12-08 11:05:01,883 - root - INFO - Пользователь NaumYurievich добавлен в базу данных или уже существует.
2024-12-08 11:05:01,962 - root - INFO - Количество сообщений и опыт для пользователя NaumYurievich обновлены.
2024-12-08 11:05:10,818 - root - INFO - Пользователь qSumomo добавлен в базу данных или уже существует.
2024-12-08 11:05:10,876 - root - INFO - Количество сообщений и опыт для пользователя qSumomo обновлены.
2024-12-08 11:05:23,417 - root - INFO - Пользователь N_Kehl добавлен в базу данных или уже существует.
2024-12-08 11:05:23,498 - root - INFO - Количество сообщений и опыт для пользователя N_Kehl обновлены.
2024-12-08 11:05:26,512 - root - INFO - Пользователь qSumomo добавлен в базу данных или уже существует.
2024-12-08 11:05:26,591 - root - INFO - Количество сообщений и опыт для пользователя qSumomo обновлены.
2024-12-08 11:05:29,875 - root - INFO - Пользователь qSumomo добавлен в базу данных или уже существует.
2024-12-08 11:05:29,941 - root - INFO - Количество сообщений и опыт для пользователя qSumomo обновлены.
2024-12-08 11:05:44,361 - root - INFO - Пользователь tolyanrb78 добавлен в базу данных или уже существует.
2024-12-08 11:05:44,431 - root - INFO - Количество сообщений и опыт для пользователя tolyanrb78 обновлены.
2024-12-08 11:05:46,845 - root - INFO - Пользователь irwt_kok добавлен в базу данных или уже существует.
2024-12-08 11:05:46,922 - root - INFO - Количество сообщений и опыт для пользователя irwt_kok обновлены.
2024-12-08 11:05:49,550 - root - INFO - Пользователь tolyanrb78 добавлен в базу данных или уже существует.
2024-12-08 11:05:49,616 - root - INFO - Количество сообщений и опыт для пользователя tolyanrb78 обновлены.
2024-12-08 11:05:55,355 - root - INFO - Пользователь N_Kehl добавлен в базу данных или уже существует.
2024-12-08 11:05:55,428 - root - INFO - Количество сообщений и опыт для пользователя N_Kehl обновлены.
2024-12-08 11:06:08,031 - root - INFO - Пользователь qSumomo добавлен в базу данных или уже существует.
2024-12-08 11:06:08,115 - root - INFO - Количество сообщений и опыт для пользователя qSumomo обновлены.
2024-12-08 11:06:16,771 - root - INFO - Пользователь qSumomo добавлен в базу данных или уже существует.
2024-12-08 11:06:16,826 - root - INFO - Количество сообщений и опыт для пользователя qSumomo обновлены.
2024-12-08 11:06:23,140 - root - INFO - Пользователь tolyanrb78 добавлен в базу данных или уже существует.
2024-12-08 11:06:23,203 - root - INFO - Количество сообщений и опыт для пользователя tolyanrb78 обновлены.
2024-12-08 11:06:30,898 - root - INFO - Пользователь qSumomo добавлен в базу данных или уже существует.
2024-12-08 11:06:30,983 - root - INFO - Количество сообщений и опыт для пользователя qSumomo обновлены.
2024-12-08 11:06:36,384 - root - INFO - Пользователь qSumomo добавлен в базу данных или уже существует.
2024-12-08 11:06:36,477 - root - INFO - Количество сообщений и опыт для пользователя qSumomo обновлены.
2024-12-08 11:06:37,990 - root - INFO - Пользователь qSumomo добавлен в базу данных или уже существует.
2024-12-08 11:06:38,059 - root - INFO - Количество сообщений и опыт для пользователя qSumomo обновлены.
2024-12-08 11:06:40,721 - root - INFO - Пользователь NaumYurievich добавлен в базу данных или уже существует.
2024-12-08 11:06:40,796 - root - INFO - Количество сообщений и опыт для пользователя NaumYurievich обновлены.
2024-12-08 11:06:55,963 - root - INFO - Пользователь irwt_kok добавлен в базу данных или уже существует.
2024-12-08 11:06:56,052 - root - INFO - Количество сообщений и опыт для пользователя irwt_kok обновлены.
2024-12-08 11:06:58,478 - root - INFO - Пользователь tolyanrb78 добавлен в базу данных или уже существует.
2024-12-08 11:06:58,543 - root - INFO - Количество сообщений и опыт для пользователя tolyanrb78 обновлены.
2024-12-08 11:07:32,710 - root - INFO - Пользователь NaumYurievich добавлен в базу данных или уже существует.
2024-12-08 11:07:32,772 - root - INFO - Количество сообщений и опыт для пользователя NaumYurievich обновлены.
2024-12-08 11:07:48,996 - root - INFO - Пользователь NaumYurievich добавлен в базу данных или уже существует.
2024-12-08 11:07:49,080 - root - INFO - Количество сообщений и опыт для пользователя NaumYurievich обновлены.
2024-12-08 11:07:54,631 - root - INFO - Пользователь qSumomo добавлен в базу данных или уже существует.
2024-12-08 11:07:54,708 - root - INFO - Количество сообщений и опыт для пользователя qSumomo обновлены.
2024-12-08 11:08:04,637 - root - INFO - Пользователь qSumomo добавлен в базу данных или уже существует.
2024-12-08 11:08:04,756 - root - INFO - Количество сообщений и опыт для пользователя qSumomo обновлены.
2024-12-08 11:08:08,471 - root - INFO - Пользователь NaumYurievich добавлен в базу данных или уже существует.
2024-12-08 11:08:08,538 - root - INFO - Количество сообщений и опыт для пользователя NaumYurievich обновлены.
2024-12-08 11:08:40,572 - root - INFO - Пользователь irwt_kok добавлен в базу данных или уже существует.
2024-12-08 11:08:40,643 - root - INFO - Количество сообщений и опыт для пользователя irwt_kok обновлены.
2024-12-08 11:09:29,064 - root - INFO - Пользователь NaumYurievich добавлен в базу данных или уже существует.
2024-12-08 11:09:29,135 - root - INFO - Количество сообщений и опыт для пользователя NaumYurievich обновлены.
2024-12-08 11:09:33,542 - root - INFO - Пользователь tolyanrb78 добавлен в базу данных или уже существует.
2024-12-08 11:09:33,612 - root - INFO - Количество сообщений и опыт для пользователя tolyanrb78 обновлены.
2024-12-08 11:10:28,207 - root - INFO - Пользователь NaumYurievich добавлен в базу данных или уже существует.
2024-12-08 11:10:28,269 - root - INFO - Количество сообщений и опыт для пользователя NaumYurievich обновлены.
2024-12-08 11:11:01,310 - root - INFO - Пользователь irwt_kok добавлен в базу данных или уже существует.
2024-12-08 11:11:01,373 - root - INFO - Количество сообщений и опыт для пользователя irwt_kok обновлены.
2024-12-08 11:12:08,782 - root - INFO - Пользователь danyaa680 добавлен в базу данных или уже существует.
2024-12-08 11:12:08,825 - root - INFO - Количество сообщений и опыт для пользователя danyaa680 обновлены.
2024-12-08 11:12:17,767 - root - INFO - Пользователь danyaa680 добавлен в базу данных или уже существует.
2024-12-08 11:12:17,841 - root - INFO - Количество сообщений и опыт для пользователя danyaa680 обновлены.
2024-12-08 11:12:23,523 - root - INFO - Пользователь N_Kehl добавлен в базу данных или уже существует.
2024-12-08 11:12:23,586 - root - INFO - Количество сообщений и опыт для пользователя N_Kehl обновлены.
2024-12-08 11:12:39,701 - root - INFO - Пользователь danyaa680 добавлен в базу данных или уже существует.
2024-12-08 11:12:39,760 - root - INFO - Количество сообщений и опыт для пользователя danyaa680 обновлены.
2024-12-08 11:12:53,319 - root - INFO - Пользователь danyaa680 добавлен в базу данных или уже существует.
2024-12-08 11:12:53,382 - root - INFO - Количество сообщений и опыт для пользователя danyaa680 обновлены.
2024-12-08 11:13:00,452 - root - INFO - Пользователь NaumYurievich добавлен в базу данных или уже существует.
2024-12-08 11:13:00,529 - root - INFO - Количество сообщений и опыт для пользователя NaumYurievich обновлены.
2024-12-08 11:13:07,602 - root - INFO - Пользователь N_Kehl добавлен в базу данных или уже существует.
2024-12-08 11:13:07,665 - root - INFO - Количество сообщений и опыт для пользователя N_Kehl обновлены.
2024-12-08 11:13:09,404 - root - INFO - Пользователь NaumYurievich добавлен в базу данных или уже существует.
2024-12-08 11:13:09,482 - root - INFO - Количество сообщений и опыт для пользователя NaumYurievich обновлены.
